Assembly OutPut file for the file exdir/example.asm

Length:  58 Bytes

3000	place		00
3001	holder		00
3002	holder		00
3003	john		00
3004	john		00
3005	lxid		11
3006	Number		00
3007	Number		7b
3008	lxib		01
3009	Number		00
300a	Number		02
300b	mvih		26
300c	Number		1f
300d	ldaxb		0a
300e	staxd		12
300f	inxd		13
3010	inxb		03
3011	dcrh		25
3012	jnz		c2
3013	loop1		0d
3014	loop1		30
3015	mvia		3e
3016	Number		b4
3017	out		d3
3018	Number		03
3019	mvia		3e
301a	Number		05
301b	out		d3
301c	Number		03
301d	in		db
301e	Number		02
301f	cpi		fe
3020	Number		27
3021	jnz		c2
3022	loop2		1d
3023	loop2		30
3024	lhld		2a
3025	john		03
3026	john		30
3027	in		db
3028	Number		00
3029	lxid		11
302a	Number		36
302b	Number		02
302c	sta		32
302d	holder		01
302e	holder		30
302f	mvih		26
3030	Number		00
3031	adda		87
3032	movla		6f
3033	lda		3a
3034	place		00
3035	place		30
3036	dadd		19
3037	xchg		eb
3038	lhl		ed
3039	pchl		e9
