[Bootstrap]
SetupTitle=Install
SetupText=Copying Files, please stand by.
CabFile=Sim8085.CAB
Spawn=Setup1.exe
Uninstal=st6unst.exe
TmpDir=msftqws.pdw
Cabs=1

[Bootstrap Files]
File1=@VB6STKIT.DLL,$(WinSysPathSysFile),,,6/18/98 12:00:00 AM,102912,6.0.81.69
File2=@COMCAT.DLL,$(WinSysPathSysFile),$(DLLSelfRegister),,5/31/98 12:00:00 AM,22288,4.71.1460.1
File3=@stdole2.tlb,$(WinSysPathSysFile),$(TLBRegister),,1/5/00 3:10:50 PM,16896,2.40.4514.1
File4=@asycfilt.dll,$(WinSysPathSysFile),,,1/5/00 3:10:50 PM,143632,2.40.4514.1
File5=@olepro32.dll,$(WinSysPathSysFile),$(DLLSelfRegister),,1/5/00 3:10:50 PM,164112,5.0.4514.1
File6=@oleaut32.dll,$(WinSysPathSysFile),$(DLLSelfRegister),,1/5/00 3:10:50 PM,614672,2.40.4514.1
File7=@msvbvm60.dll,$(WinSysPathSysFile),$(DLLSelfRegister),,12/10/99 8:00:00 PM,1384448,6.0.84.95

[IconGroups]
Group0=8085 Simulator
PrivateGroup0=True
Parent0=$(Programs)

[8085 Simulator]
Icon1="Sim8085.exe"
Title1=8085 Simulator
StartIn1=$(AppPath)
Icon2="readme.rtf"
Title2=Readme
StartIn2=$(AppPath)

[Setup]
Title=8085 Simulator
DefaultDir=$(ProgramFiles)\8085 Simulator
AppExe=Sim8085.exe
AppToUninstall=Sim8085.exe

[Setup1 Files]
File1=@Run 16000 lines.85,$(AppPath),,,3/27/99 11:14:18 PM,108,0.0.0.0
File2=@Lightning !.85,$(AppPath),,,2/23/99 12:19:20 AM,103,0.0.0.0
File3=@highest and lowest.85,$(AppPath),,,3/28/99 11:21:32 PM,238,0.0.0.0
File4=@Fibonacci series.85,$(AppPath),,,2/24/99 8:42:48 PM,126,0.0.0.0
File5=@BuBbLe sOrT2.85,$(AppPath),,,3/26/99 9:43:50 AM,914,0.0.0.0
File6=@BuBbLe sOrT.85,$(AppPath),,,3/24/99 6:09:24 PM,757,0.0.0.0
File7=@readme.rtf,$(AppPath),,,3/12/00 8:57:00 PM,13346,0.0.0.0
File8=@InstSet.dat,$(AppPath),,,3/24/99 4:30:32 PM,3510,0.0.0.0
File9=@OQBTTN.OCX,$(WinSysPath),$(DLLSelfRegister),$(Shared),5/4/97 11:48:52 PM,34304,5.0.0.0
File10=@COMDLG32.OCX,$(WinSysPath),$(DLLSelfRegister),$(Shared),5/7/99 12:00:00 AM,140288,6.0.84.18
File11=@RICHED32.DLL,$(WinSysPathSysFile),,,5/7/98 12:00:00 AM,174352,4.0.993.4
File12=@RICHTX32.OCX,$(WinSysPath),$(DLLSelfRegister),$(Shared),2/26/00 4:44:48 PM,204296,6.0.84.18
File13=@MSFLXGRD.OCX,$(WinSysPath),$(DLLSelfRegister),$(Shared),5/7/99 12:00:00 AM,244232,6.0.84.18
File14=@COMCTL32.OCX,$(WinSysPath),$(DLLSelfRegister),$(Shared),6/24/98 12:00:00 AM,609584,6.0.80.22
File15=@Sim8085.exe,$(AppPath),,,8/16/00 11:22:26 AM,262144,1.2.0.4

; The following lines may be deleted in order to obtain extra 
; space for customizing this file on a full installation diskette.
; 
; XXXXXXXXXXXXXXXXXXXXXXXXXXXXXXXXXXXXXXXXXXXXXXXXXXXXXXXXXXXX
; XXXXXXXXXXXXXXXXXXXXXXXXXXXXXXXXXXXXXXXXXXXXXXXXXXXXXXXXXXXX
; XXXXXXXXXXXXXXXXXXXXXXXXXXXXXXXXXXXXXXXXXXXXXXXXXXXXXXXXXXXX
; XXXXXXXXXXXXXXXXXXXXXXXXXXXXXXXXXXXXXXXXXXXXXXXXXXXXXXXXXXXX
; XXXXXXXXXXXXXXXXXXXXXXXXXXXXXXXXXXXXXXXXXXXXXXXXXXXXXXXXXXXX
; XXXXXXXXXXXXXXXXXXXXXXXXXXXXXXXXXXXXXXXXXXXXXXXXXXXXXXXXXXXX
; XXXXXXXXXXXXXXXXXXXXXXXXXXXXXXXXXXXXXXXXXXXXXXXXXXXXXXXXXXXX
; XXXXXXXXXXXXXXXXXXXXXXXXXXXXXXXXXXXXXXXXXXXXXXXXXXXXXXXXXXXX
; XXXXXXXXXXXXXXXXXXXXXXXXXXXXXXXXXXXXXXXXXXXXXXXXXXXXXXXXXXXX
; XXXXXXXXXXXXXXXXXXXXXXXXXXXXXXXXXXXXXXXXXXXXXXXXXXXXXXXXXXXX
; XXXXXXXXXXXXXXXXXXXXXXXXXXXXXXXXXXXXXXXXXXXXXXXXXXXXXXXXXXXX
; XXXXXXXXXXXXXXXXXXXXXXXXXXXXXXXXXXXXXXXXXXXXXXXXXXXXXXXXXXXX
; XXXXXXXXXXXXXXXXXXXXXXXXXXXXXXXXXXXXXXXXXXXXXXXXXXXXXXXXXXXX
; XXXXXXXXXXXXXXXXXXXXXXXXXXXXXXXXXXXXXXXXXXXXXXXXXXXXXXXXXXXX
; XXXXXXXXXXXXXXXXXXXXXXXXXXXXXXXXXXXXXXXXXXXXXXXXXXXXXXXXXXXX
; XXXXXXXXXXXXXXXXXXXXXXXXXXXXXXXXXXXXXXXXXXXXXXXXXXXXXXXXXXXX
; XXXXXXXXXXXXXXXXXXXXXXXXXXXXXXXXXXXXXXXXXXXXXXXXXXXXXXXXXXXX
; XXXXXXXXXXXXXXXXXXXXXXXXXXXXXXXXXXXXXXXXXXXXXXXXXXXXXXXXXXXX
; XXXXXXXXXXXXXXXXXXXXXXXXXXXXXXXXXXXXXXXXXXXXXXXXXXXXXXXXXXXX
; XXXXXXXXXXXXXXXXXXXXXXXXXXXXXXXXXXXXXXXXXXXXXXXXXXXXXXXXXXXX
; XXXXXXXXXXXXXXXXXXXXXXXXXXXXXXXXXXXXXXXXXXXXXXXXXXXXXXXXXXXX
; XXXXXXXXXXXXXXXXXXXXXXXXXXXXXXXXXXXXXXXXXXXXXXXXXXXXXXXXXXXX
; XXXXXXXXXXXXXXXXXXXXXXXXXXXXXXXXXXXXXXXXXXXXXXXXXXXXXXXXXXXX
; XXXXXXXXXXXXXXXXXXXXXXXXXXXXXXXXXXXXXXXXXXXXXXXXXXXXXXXXXXXX
; XXXXXXXXXXXXXXXXXXXXXXXXXXXXXXXXXXXXXXXXXXXXXXXXXXXXXXXXXXXX
; XXXXXXXXXXXXXXXXXXXXXXXXXXXXXXXXXXXXXXXXXXXXXXXXXXXXXXXXXXXX
; XXXXXXXXXXXXXXXXXXXXXXXXXXXXXXXXXXXXXXXXXXXXXXXXXXXXXXXXXXXX
; XXXXXXXXXXXXXXXXXXXXXXXXXXXXXXXXXXXXXXXXXXXXXXXXXXXXXXXXXXXX
; XXXXXXXXXXXXXXXXXXXXXXXXXXXXXXXXXXXXXXXXXXXXXXXXXXXXXXXXXXXX
; XXXXXXXXXXXXXXXXXXXXXXXXXXXXXXXXXXXXXXXXXXXXXXXXXXXXXXXXXXXX
; XXXXXXXXXXXXXXXXXXXXXXXXXXXXXXXXXXXXXXXXXXXXXXXXXXXXXXXXXXXX
; XXXXXXXXXXXXXXXXXXXXXXXXXXXXXXXXXXXXXXXXXXXXXXXXXXXXXXXXXXXX
; XXXXXXXXXXXXXXXXXXXXXXXXXXXXXXXXXXXXXXXXXXXXXXXXXXXXXXXXXXXX
; XXXXXXXXXXXXXXXXXXXXXXXXXXXXXXXXXXXXXXXXXXXXXXXXXXXXXXXXXXXX
; XXXXXXXXXXXXXXXXXXXXXXXXXXXXXXXXXXXXXXXXXXXXXXXXXXXXXXXXXXXX
